  [1m[35m (902.5ms)[0m  [1m[35mCREATE DATABASE "CharityChoice_development" ENCODING = 'unicode'[0m
  ↳ bin/rails:9
  [1m[35m (250.8ms)[0m  [1m[35mCREATE DATABASE "CharityChoice_test" ENCODING = 'unicode'[0m
  ↳ bin/rails:9
  [1m[35m (103.1ms)[0m  [1m[35mCREATE TABLE "schema_migrations" ("version" character varying NOT NULL PRIMARY KEY)[0m
  ↳ bin/rails:9
  [1m[35m (9.0ms)[0m  [1m[35mCREATE TABLE "ar_internal_metadata" ("key" character varying NOT NULL PRIMARY KEY, "value" character varying, "created_at" timestamp NOT NULL, "updated_at" timestamp NOT NULL)[0m
  ↳ bin/rails:9
  [1m[35m (1.1ms)[0m  [1m[34mSELECT pg_try_advisory_lock(4763730481349702205)[0m
  ↳ bin/rails:9
  [1m[35m (1.1ms)[0m  [1m[34mSELECT "schema_migrations"."version" FROM "schema_migrations" ORDER BY "schema_migrations"."version" ASC[0m
  ↳ bin/rails:9
Migrating to CreateProjects (20200406171549)
  [1m[35m (0.2ms)[0m  [1m[35mBEGIN[0m
  ↳ bin/rails:9
  [1m[35m (39.3ms)[0m  [1m[35mCREATE TABLE "projects" ("id" bigserial primary key, "title" character varying NOT NULL, "description" text NOT NULL, "about_students" text NOT NULL, "teacher_id" integer NOT NULL, "goal" float NOT NULL, "created_at" timestamp NOT NULL, "updated_at" timestamp NOT NULL)[0m
  ↳ db/migrate/20200406171549_create_projects.rb:3
  [1m[35m (3.7ms)[0m  [1m[35mCREATE  INDEX  "index_projects_on_teacher_id" ON "projects"  ("teacher_id")[0m
  ↳ db/migrate/20200406171549_create_projects.rb:12
  [1m[36mActiveRecord::SchemaMigration Create (0.9ms)[0m  [1m[32mINSERT INTO "schema_migrations" ("version") VALUES ($1) RETURNING "version"[0m  [["version", "20200406171549"]]
  ↳ bin/rails:9
  [1m[35m (0.8ms)[0m  [1m[35mCOMMIT[0m
  ↳ bin/rails:9
Migrating to CreateSchools (20200406172330)
  [1m[35m (0.4ms)[0m  [1m[35mBEGIN[0m
  ↳ bin/rails:9
  [1m[35m (7.3ms)[0m  [1m[35mCREATE TABLE "schools" ("id" bigserial primary key, "name" character varying NOT NULL, "city" character varying NOT NULL, "state" character varying NOT NULL, "zip" character varying NOT NULL, "latitude" float NOT NULL, "longitude" float NOT NULL, "grade_range" character varying NOT NULL, "created_at" timestamp NOT NULL, "updated_at" timestamp NOT NULL)[0m
  ↳ db/migrate/20200406172330_create_schools.rb:3
  [1m[36mActiveRecord::SchemaMigration Create (0.7ms)[0m  [1m[32mINSERT INTO "schema_migrations" ("version") VALUES ($1) RETURNING "version"[0m  [["version", "20200406172330"]]
  ↳ bin/rails:9
  [1m[35m (1.4ms)[0m  [1m[35mCOMMIT[0m
  ↳ bin/rails:9
Migrating to CreateCategories (20200406172657)
  [1m[35m (26.6ms)[0m  [1m[35mBEGIN[0m
  ↳ bin/rails:9
  [1m[35m (9.3ms)[0m  [1m[35mCREATE TABLE "categories" ("id" bigserial primary key, "category" character varying NOT NULL)[0m
  ↳ db/migrate/20200406172657_create_categories.rb:3
  [1m[36mActiveRecord::SchemaMigration Create (0.4ms)[0m  [1m[32mINSERT INTO "schema_migrations" ("version") VALUES ($1) RETURNING "version"[0m  [["version", "20200406172657"]]
  ↳ bin/rails:9
  [1m[35m (0.5ms)[0m  [1m[35mCOMMIT[0m
  ↳ bin/rails:9
Migrating to CreateCategoryAssociations (20200406182357)
  [1m[35m (0.4ms)[0m  [1m[35mBEGIN[0m
  ↳ bin/rails:9
  [1m[35m (4.6ms)[0m  [1m[35mCREATE TABLE "category_associations" ("id" bigserial primary key, "project_id" integer NOT NULL, "category_id" integer NOT NULL)[0m
  ↳ db/migrate/20200406182357_create_category_associations.rb:3
  [1m[35m (2.4ms)[0m  [1m[35mCREATE  INDEX  "index_category_associations_on_project_id" ON "category_associations"  ("project_id")[0m
  ↳ db/migrate/20200406182357_create_category_associations.rb:8
  [1m[35m (1.4ms)[0m  [1m[35mCREATE  INDEX  "index_category_associations_on_category_id" ON "category_associations"  ("category_id")[0m
  ↳ db/migrate/20200406182357_create_category_associations.rb:9
  [1m[36mActiveRecord::SchemaMigration Create (0.4ms)[0m  [1m[32mINSERT INTO "schema_migrations" ("version") VALUES ($1) RETURNING "version"[0m  [["version", "20200406182357"]]
  ↳ bin/rails:9
  [1m[35m (1.5ms)[0m  [1m[35mCOMMIT[0m
  ↳ bin/rails:9
Migrating to CreateUsers (20200406183050)
  [1m[35m (0.5ms)[0m  [1m[35mBEGIN[0m
  ↳ bin/rails:9
  [1m[35m (7.8ms)[0m  [1m[35mCREATE TABLE "users" ("id" bigserial primary key, "email" character varying NOT NULL, "is_teacher" boolean, "teacher_id" integer, "password_digest" character varying, "session_token" character varying, "display_name" character varying, "created_at" timestamp NOT NULL, "updated_at" timestamp NOT NULL)[0m
  ↳ db/migrate/20200406183050_create_users.rb:3
  [1m[36mActiveRecord::SchemaMigration Create (25.4ms)[0m  [1m[32mINSERT INTO "schema_migrations" ("version") VALUES ($1) RETURNING "version"[0m  [["version", "20200406183050"]]
  ↳ bin/rails:9
  [1m[35m (0.6ms)[0m  [1m[35mCOMMIT[0m
  ↳ bin/rails:9
Migrating to CreateTeachers (20200406184941)
  [1m[35m (0.4ms)[0m  [1m[35mBEGIN[0m
  ↳ bin/rails:9
  [1m[35m (6.5ms)[0m  [1m[35mCREATE TABLE "teachers" ("id" bigserial primary key, "full_name" character varying NOT NULL, "teacher_name" character varying NOT NULL, "school_id" integer NOT NULL, "created_at" timestamp NOT NULL, "updated_at" timestamp NOT NULL)[0m
  ↳ db/migrate/20200406184941_create_teachers.rb:3
  [1m[35m (2.0ms)[0m  [1m[35mCREATE  INDEX  "index_teachers_on_school_id" ON "teachers"  ("school_id")[0m
  ↳ db/migrate/20200406184941_create_teachers.rb:10
  [1m[36mActiveRecord::SchemaMigration Create (0.7ms)[0m  [1m[32mINSERT INTO "schema_migrations" ("version") VALUES ($1) RETURNING "version"[0m  [["version", "20200406184941"]]
  ↳ bin/rails:9
  [1m[35m (0.8ms)[0m  [1m[35mCOMMIT[0m
  ↳ bin/rails:9
  [1m[36mActiveRecord::InternalMetadata Load (0.7ms)[0m  [1m[34mSELECT  "ar_internal_metadata".* FROM "ar_internal_metadata" WHERE "ar_internal_metadata"."key" = $1 LIMIT $2[0m  [["key", "environment"], ["LIMIT", 1]]
  ↳ bin/rails:9
  [1m[35m (0.2ms)[0m  [1m[35mBEGIN[0m
  ↳ bin/rails:9
  [1m[36mActiveRecord::InternalMetadata Create (0.6ms)[0m  [1m[32mINSERT INTO "ar_internal_metadata" ("key", "value", "created_at", "updated_at") VALUES ($1, $2, $3, $4) RETURNING "key"[0m  [["key", "environment"], ["value", "development"], ["created_at", "2020-04-06 19:04:46.442392"], ["updated_at", "2020-04-06 19:04:46.442392"]]
  ↳ bin/rails:9
  [1m[35m (0.5ms)[0m  [1m[35mCOMMIT[0m
  ↳ bin/rails:9
  [1m[35m (0.3ms)[0m  [1m[34mSELECT pg_advisory_unlock(4763730481349702205)[0m
  ↳ bin/rails:9
  [1m[35m (0.5ms)[0m  [1m[34mSELECT "schema_migrations"."version" FROM "schema_migrations" ORDER BY "schema_migrations"."version" ASC[0m
  ↳ bin/rails:9
Started GET "/" for ::1 at 2020-04-07 09:32:07 -0400
  [1m[35m (2.5ms)[0m  [1m[34mSELECT "schema_migrations"."version" FROM "schema_migrations" ORDER BY "schema_migrations"."version" ASC[0m
  ↳ /Users/terrencelai/.rbenv/versions/2.5.1/lib/ruby/gems/2.5.0/gems/activerecord-5.2.4.2/lib/active_record/log_subscriber.rb:98
Processing by Rails::WelcomeController#index as HTML
  Rendering /Users/terrencelai/.rbenv/versions/2.5.1/lib/ruby/gems/2.5.0/gems/railties-5.2.4.2/lib/rails/templates/rails/welcome/index.html.erb
  Rendered /Users/terrencelai/.rbenv/versions/2.5.1/lib/ruby/gems/2.5.0/gems/railties-5.2.4.2/lib/rails/templates/rails/welcome/index.html.erb (3.9ms)
Completed 200 OK in 27ms (Views: 15.2ms | ActiveRecord: 0.0ms)


Started GET "/" for ::1 at 2020-04-07 09:39:02 -0400
Processing by Rails::WelcomeController#index as HTML
  Rendering /Users/terrencelai/.rbenv/versions/2.5.1/lib/ruby/gems/2.5.0/gems/railties-5.2.4.2/lib/rails/templates/rails/welcome/index.html.erb
  Rendered /Users/terrencelai/.rbenv/versions/2.5.1/lib/ruby/gems/2.5.0/gems/railties-5.2.4.2/lib/rails/templates/rails/welcome/index.html.erb (3.3ms)
Completed 200 OK in 15ms (Views: 8.6ms | ActiveRecord: 0.0ms)


Started GET "/" for ::1 at 2020-04-07 09:46:22 -0400
Processing by StaticPagesController#root as HTML
  Rendering static_pages/root.html.erb within layouts/application
  Rendered static_pages/root.html.erb within layouts/application (1.0ms)
Completed 500 Internal Server Error in 300ms (ActiveRecord: 0.0ms)



Sprockets::FileNotFound - couldn't find file 'jquery' with type 'application/javascript'
Checked in these paths: 
  /Users/terrencelai/Desktop/CharityChoice/app/assets/config
  /Users/terrencelai/Desktop/CharityChoice/app/assets/images
  /Users/terrencelai/Desktop/CharityChoice/app/assets/javascripts
  /Users/terrencelai/Desktop/CharityChoice/app/assets/stylesheets
  /Users/terrencelai/.rbenv/versions/2.5.1/lib/ruby/gems/2.5.0/gems/coffee-rails-4.2.2/lib/assets/javascripts
  /Users/terrencelai/.rbenv/versions/2.5.1/lib/ruby/gems/2.5.0/gems/actioncable-5.2.4.2/lib/assets/compiled
  /Users/terrencelai/.rbenv/versions/2.5.1/lib/ruby/gems/2.5.0/gems/activestorage-5.2.4.2/app/assets/javascripts
  /Users/terrencelai/.rbenv/versions/2.5.1/lib/ruby/gems/2.5.0/gems/actionview-5.2.4.2/lib/assets/compiled
  /Users/terrencelai/.rbenv/versions/2.5.1/lib/ruby/gems/2.5.0/gems/turbolinks-source-5.2.0/lib/assets/javascripts
  /Users/terrencelai/Desktop/CharityChoice/node_modules:
  app/views/layouts/application.html.erb:8:in `_app_views_layouts_application_html_erb___3818525181407475823_70151895369200'

Started POST "/__better_errors/c721a15a644a2394/variables" for ::1 at 2020-04-07 09:46:22 -0400
Started GET "/" for ::1 at 2020-04-07 09:54:15 -0400
Processing by StaticPagesController#root as HTML
  Rendering static_pages/root.html.erb within layouts/application
  Rendered static_pages/root.html.erb within layouts/application (0.4ms)
Completed 500 Internal Server Error in 25ms (ActiveRecord: 0.0ms)



Sprockets::FileNotFound - couldn't find file 'jquery' with type 'application/javascript'
Checked in these paths: 
  /Users/terrencelai/Desktop/CharityChoice/app/assets/config
  /Users/terrencelai/Desktop/CharityChoice/app/assets/images
  /Users/terrencelai/Desktop/CharityChoice/app/assets/javascripts
  /Users/terrencelai/Desktop/CharityChoice/app/assets/stylesheets
  /Users/terrencelai/.rbenv/versions/2.5.1/lib/ruby/gems/2.5.0/gems/coffee-rails-4.2.2/lib/assets/javascripts
  /Users/terrencelai/.rbenv/versions/2.5.1/lib/ruby/gems/2.5.0/gems/actioncable-5.2.4.2/lib/assets/compiled
  /Users/terrencelai/.rbenv/versions/2.5.1/lib/ruby/gems/2.5.0/gems/activestorage-5.2.4.2/app/assets/javascripts
  /Users/terrencelai/.rbenv/versions/2.5.1/lib/ruby/gems/2.5.0/gems/actionview-5.2.4.2/lib/assets/compiled
  /Users/terrencelai/.rbenv/versions/2.5.1/lib/ruby/gems/2.5.0/gems/turbolinks-source-5.2.0/lib/assets/javascripts
  /Users/terrencelai/Desktop/CharityChoice/node_modules:
  app/views/layouts/application.html.erb:8:in `_app_views_layouts_application_html_erb___3818525181407475823_70151896451940'

Started POST "/__better_errors/3f51acbcb74c2530/variables" for ::1 at 2020-04-07 09:54:16 -0400
Started GET "/" for ::1 at 2020-04-07 09:55:10 -0400
Processing by StaticPagesController#root as HTML
  Rendering static_pages/root.html.erb within layouts/application
  Rendered static_pages/root.html.erb within layouts/application (0.9ms)
Completed 500 Internal Server Error in 50ms (ActiveRecord: 0.0ms)



Sprockets::FileNotFound - couldn't find file 'jquery' with type 'application/javascript'
Checked in these paths: 
  /Users/terrencelai/Desktop/CharityChoice/app/assets/config
  /Users/terrencelai/Desktop/CharityChoice/app/assets/images
  /Users/terrencelai/Desktop/CharityChoice/app/assets/javascripts
  /Users/terrencelai/Desktop/CharityChoice/app/assets/stylesheets
  /Users/terrencelai/.rbenv/versions/2.5.1/lib/ruby/gems/2.5.0/gems/coffee-rails-4.2.2/lib/assets/javascripts
  /Users/terrencelai/.rbenv/versions/2.5.1/lib/ruby/gems/2.5.0/gems/actioncable-5.2.4.2/lib/assets/compiled
  /Users/terrencelai/.rbenv/versions/2.5.1/lib/ruby/gems/2.5.0/gems/activestorage-5.2.4.2/app/assets/javascripts
  /Users/terrencelai/.rbenv/versions/2.5.1/lib/ruby/gems/2.5.0/gems/actionview-5.2.4.2/lib/assets/compiled
  /Users/terrencelai/.rbenv/versions/2.5.1/lib/ruby/gems/2.5.0/gems/turbolinks-source-5.2.0/lib/assets/javascripts
  /Users/terrencelai/Desktop/CharityChoice/node_modules:
  app/views/layouts/application.html.erb:8:in `_app_views_layouts_application_html_erb___3818525181407475823_70151940836980'

Started POST "/__better_errors/a24b420d9a35b58c/variables" for ::1 at 2020-04-07 09:55:10 -0400
Started GET "/" for ::1 at 2020-04-07 09:57:13 -0400
Processing by StaticPagesController#root as HTML
  Rendering static_pages/root.html.erb within layouts/application
  Rendered static_pages/root.html.erb within layouts/application (0.5ms)
Completed 500 Internal Server Error in 44ms (ActiveRecord: 0.0ms)



Sprockets::FileNotFound - couldn't find file 'jquery' with type 'application/javascript'
Checked in these paths: 
  /Users/terrencelai/Desktop/CharityChoice/app/assets/config
  /Users/terrencelai/Desktop/CharityChoice/app/assets/images
  /Users/terrencelai/Desktop/CharityChoice/app/assets/javascripts
  /Users/terrencelai/Desktop/CharityChoice/app/assets/stylesheets
  /Users/terrencelai/.rbenv/versions/2.5.1/lib/ruby/gems/2.5.0/gems/coffee-rails-4.2.2/lib/assets/javascripts
  /Users/terrencelai/.rbenv/versions/2.5.1/lib/ruby/gems/2.5.0/gems/actioncable-5.2.4.2/lib/assets/compiled
  /Users/terrencelai/.rbenv/versions/2.5.1/lib/ruby/gems/2.5.0/gems/activestorage-5.2.4.2/app/assets/javascripts
  /Users/terrencelai/.rbenv/versions/2.5.1/lib/ruby/gems/2.5.0/gems/actionview-5.2.4.2/lib/assets/compiled
  /Users/terrencelai/.rbenv/versions/2.5.1/lib/ruby/gems/2.5.0/gems/turbolinks-source-5.2.0/lib/assets/javascripts
  /Users/terrencelai/Desktop/CharityChoice/node_modules:
  app/views/layouts/application.html.erb:8:in `_app_views_layouts_application_html_erb___3818525181407475823_70151909846340'

Started POST "/__better_errors/03a68bc9df8068a8/variables" for ::1 at 2020-04-07 09:57:13 -0400
Started GET "/" for ::1 at 2020-04-07 10:03:09 -0400
Processing by StaticPagesController#root as HTML
  Rendering static_pages/root.html.erb within layouts/application
  Rendered static_pages/root.html.erb within layouts/application (0.5ms)
Completed 500 Internal Server Error in 32ms (ActiveRecord: 0.0ms)



Sprockets::FileNotFound - couldn't find file 'jquery' with type 'application/javascript'
Checked in these paths: 
  /Users/terrencelai/Desktop/CharityChoice/app/assets/config
  /Users/terrencelai/Desktop/CharityChoice/app/assets/images
  /Users/terrencelai/Desktop/CharityChoice/app/assets/javascripts
  /Users/terrencelai/Desktop/CharityChoice/app/assets/stylesheets
  /Users/terrencelai/.rbenv/versions/2.5.1/lib/ruby/gems/2.5.0/gems/coffee-rails-4.2.2/lib/assets/javascripts
  /Users/terrencelai/.rbenv/versions/2.5.1/lib/ruby/gems/2.5.0/gems/actioncable-5.2.4.2/lib/assets/compiled
  /Users/terrencelai/.rbenv/versions/2.5.1/lib/ruby/gems/2.5.0/gems/activestorage-5.2.4.2/app/assets/javascripts
  /Users/terrencelai/.rbenv/versions/2.5.1/lib/ruby/gems/2.5.0/gems/actionview-5.2.4.2/lib/assets/compiled
  /Users/terrencelai/.rbenv/versions/2.5.1/lib/ruby/gems/2.5.0/gems/turbolinks-source-5.2.0/lib/assets/javascripts
  /Users/terrencelai/Desktop/CharityChoice/node_modules:
  app/views/layouts/application.html.erb:8:in `_app_views_layouts_application_html_erb___3818525181407475823_70151941357900'

Started POST "/__better_errors/7c84310fca4c404a/variables" for ::1 at 2020-04-07 10:03:10 -0400
Started GET "/" for ::1 at 2020-04-07 10:06:16 -0400
Processing by StaticPagesController#root as HTML
  Rendering static_pages/root.html.erb within layouts/application
  Rendered static_pages/root.html.erb within layouts/application (0.4ms)
Completed 500 Internal Server Error in 39ms (ActiveRecord: 0.0ms)



Sprockets::FileNotFound - couldn't find file 'jquery' with type 'application/javascript'
Checked in these paths: 
  /Users/terrencelai/Desktop/CharityChoice/app/assets/config
  /Users/terrencelai/Desktop/CharityChoice/app/assets/images
  /Users/terrencelai/Desktop/CharityChoice/app/assets/javascripts
  /Users/terrencelai/Desktop/CharityChoice/app/assets/stylesheets
  /Users/terrencelai/.rbenv/versions/2.5.1/lib/ruby/gems/2.5.0/gems/coffee-rails-4.2.2/lib/assets/javascripts
  /Users/terrencelai/.rbenv/versions/2.5.1/lib/ruby/gems/2.5.0/gems/actioncable-5.2.4.2/lib/assets/compiled
  /Users/terrencelai/.rbenv/versions/2.5.1/lib/ruby/gems/2.5.0/gems/activestorage-5.2.4.2/app/assets/javascripts
  /Users/terrencelai/.rbenv/versions/2.5.1/lib/ruby/gems/2.5.0/gems/actionview-5.2.4.2/lib/assets/compiled
  /Users/terrencelai/.rbenv/versions/2.5.1/lib/ruby/gems/2.5.0/gems/turbolinks-source-5.2.0/lib/assets/javascripts
  /Users/terrencelai/Desktop/CharityChoice/node_modules:
  app/views/layouts/application.html.erb:8:in `_app_views_layouts_application_html_erb___3818525181407475823_70151895287480'

Started POST "/__better_errors/43a4731f1590e97d/variables" for ::1 at 2020-04-07 10:06:17 -0400
Started GET "/" for ::1 at 2020-04-07 10:08:08 -0400
Processing by StaticPagesController#root as HTML
  Rendering static_pages/root.html.erb within layouts/application
  Rendered static_pages/root.html.erb within layouts/application (0.7ms)
Completed 500 Internal Server Error in 49ms (ActiveRecord: 0.0ms)



Sprockets::FileNotFound - couldn't find file 'jquery' with type 'application/javascript'
Checked in these paths: 
  /Users/terrencelai/Desktop/CharityChoice/app/assets/config
  /Users/terrencelai/Desktop/CharityChoice/app/assets/images
  /Users/terrencelai/Desktop/CharityChoice/app/assets/javascripts
  /Users/terrencelai/Desktop/CharityChoice/app/assets/stylesheets
  /Users/terrencelai/.rbenv/versions/2.5.1/lib/ruby/gems/2.5.0/gems/coffee-rails-4.2.2/lib/assets/javascripts
  /Users/terrencelai/.rbenv/versions/2.5.1/lib/ruby/gems/2.5.0/gems/actioncable-5.2.4.2/lib/assets/compiled
  /Users/terrencelai/.rbenv/versions/2.5.1/lib/ruby/gems/2.5.0/gems/activestorage-5.2.4.2/app/assets/javascripts
  /Users/terrencelai/.rbenv/versions/2.5.1/lib/ruby/gems/2.5.0/gems/actionview-5.2.4.2/lib/assets/compiled
  /Users/terrencelai/.rbenv/versions/2.5.1/lib/ruby/gems/2.5.0/gems/turbolinks-source-5.2.0/lib/assets/javascripts
  /Users/terrencelai/Desktop/CharityChoice/node_modules:
  app/views/layouts/application.html.erb:8:in `_app_views_layouts_application_html_erb___3818525181407475823_70151898236980'

Started POST "/__better_errors/8a4945c726b5afdf/variables" for ::1 at 2020-04-07 10:08:08 -0400
Started GET "/" for ::1 at 2020-04-07 10:10:35 -0400
  [1m[35m (2.4ms)[0m  [1m[34mSELECT "schema_migrations"."version" FROM "schema_migrations" ORDER BY "schema_migrations"."version" ASC[0m
  ↳ /Users/terrencelai/.rbenv/versions/2.5.1/lib/ruby/gems/2.5.0/gems/activerecord-5.2.4.2/lib/active_record/log_subscriber.rb:98
Processing by StaticPagesController#root as HTML
  Rendering static_pages/root.html.erb within layouts/application
  Rendered static_pages/root.html.erb within layouts/application (1.7ms)
Completed 200 OK in 1288ms (Views: 1278.0ms | ActiveRecord: 0.0ms)


Started GET "/" for ::1 at 2020-04-07 10:12:16 -0400
  [1m[35m (1.4ms)[0m  [1m[34mSELECT "schema_migrations"."version" FROM "schema_migrations" ORDER BY "schema_migrations"."version" ASC[0m
  ↳ /Users/terrencelai/.rbenv/versions/2.5.1/lib/ruby/gems/2.5.0/gems/activerecord-5.2.4.2/lib/active_record/log_subscriber.rb:98
Processing by StaticPagesController#root as HTML
  Rendering static_pages/root.html.erb within layouts/application
  Rendered static_pages/root.html.erb within layouts/application (1.7ms)
Completed 200 OK in 1213ms (Views: 1204.0ms | ActiveRecord: 0.0ms)


Started GET "/" for ::1 at 2020-04-07 10:26:33 -0400
  [1m[35m (2.7ms)[0m  [1m[34mSELECT "schema_migrations"."version" FROM "schema_migrations" ORDER BY "schema_migrations"."version" ASC[0m
  ↳ /Users/terrencelai/.rbenv/versions/2.5.1/lib/ruby/gems/2.5.0/gems/activerecord-5.2.4.2/lib/active_record/log_subscriber.rb:98
Processing by StaticPagesController#root as HTML
  Rendering static_pages/root.html.erb within layouts/application
  Rendered static_pages/root.html.erb within layouts/application (1.5ms)
Completed 200 OK in 1049ms (Views: 1039.1ms | ActiveRecord: 0.0ms)


Started GET "/" for ::1 at 2020-04-07 10:27:44 -0400
  [1m[35m (1.4ms)[0m  [1m[34mSELECT "schema_migrations"."version" FROM "schema_migrations" ORDER BY "schema_migrations"."version" ASC[0m
  ↳ /Users/terrencelai/.rbenv/versions/2.5.1/lib/ruby/gems/2.5.0/gems/activerecord-5.2.4.2/lib/active_record/log_subscriber.rb:98
Processing by StaticPagesController#root as HTML
  Rendering static_pages/root.html.erb within layouts/application
  Rendered static_pages/root.html.erb within layouts/application (1.6ms)
Completed 200 OK in 1672ms (Views: 1657.1ms | ActiveRecord: 0.0ms)


Started GET "/" for ::1 at 2020-04-07 10:30:48 -0400
  [1m[35m (2.6ms)[0m  [1m[34mSELECT "schema_migrations"."version" FROM "schema_migrations" ORDER BY "schema_migrations"."version" ASC[0m
  ↳ /Users/terrencelai/.rbenv/versions/2.5.1/lib/ruby/gems/2.5.0/gems/activerecord-5.2.4.2/lib/active_record/log_subscriber.rb:98
Processing by StaticPagesController#root as HTML
  Rendering static_pages/root.html.erb within layouts/application
  Rendered static_pages/root.html.erb within layouts/application (3.1ms)
Completed 200 OK in 1948ms (Views: 1943.6ms | ActiveRecord: 0.0ms)


  [1m[36mSchool Load (4.5ms)[0m  [1m[34mSELECT "schools".* FROM "schools"[0m
  [1m[35m (1.3ms)[0m  [1m[34mSELECT "schema_migrations"."version" FROM "schema_migrations" ORDER BY "schema_migrations"."version" ASC[0m
  ↳ /Users/terrencelai/.rbenv/versions/2.5.1/bin/annotate:23
  [1m[35m (1.4ms)[0m  [1m[34mSELECT "schema_migrations"."version" FROM "schema_migrations" ORDER BY "schema_migrations"."version" ASC[0m
  ↳ /Users/terrencelai/.rbenv/versions/2.5.1/bin/annotate:23
  [1m[35m (5.0ms)[0m  [1m[35mBEGIN[0m
  [1m[36mSchool Create (3.1ms)[0m  [1m[32mINSERT INTO "schools" ("name", "city", "state", "zip", "latitude", "longitude", "grade_range", "created_at", "updated_at") VALUES ($1, $2, $3, $4, $5, $6, $7, $8, $9) RETURNING "id"[0m  [["name", "Townsend Harris High School"], ["city", "Flushing"], ["state", "NY"], ["zip", "11354"], ["latitude", -40.0], ["longitude", 40.0], ["grade_range", "9-12"], ["created_at", "2020-04-07 14:47:29.212672"], ["updated_at", "2020-04-07 14:47:29.212672"]]
  [1m[35m (1.3ms)[0m  [1m[35mCOMMIT[0m
  [1m[36mSchool Load (21.0ms)[0m  [1m[34mSELECT "schools".* FROM "schools"[0m
  [1m[36mSchool Load (1.9ms)[0m  [1m[34mSELECT "schools".* FROM "schools"[0m
  [1m[35m (0.2ms)[0m  [1m[35mBEGIN[0m
  [1m[36mSchool Destroy (33.0ms)[0m  [1m[31mDELETE FROM "schools" WHERE "schools"."id" = $1[0m  [["id", 1]]
  [1m[35m (0.4ms)[0m  [1m[35mCOMMIT[0m
  [1m[36mSchool Load (0.6ms)[0m  [1m[34mSELECT "schools".* FROM "schools"[0m
  [1m[36mUser Load (2.7ms)[0m  [1m[34mSELECT "users".* FROM "users"[0m
  [1m[36mTeacher Load (3.7ms)[0m  [1m[34mSELECT  "teachers".* FROM "teachers" WHERE "teachers"."id" = $1 LIMIT $2[0m  [["id", 1], ["LIMIT", 1]]
  [1m[36mTeacher Load (7.4ms)[0m  [1m[34mSELECT  "teachers".* FROM "teachers" WHERE "teachers"."id" = $1 LIMIT $2[0m  [["id", 1], ["LIMIT", 1]]
  [1m[35m (0.3ms)[0m  [1m[35mBEGIN[0m
  [1m[35m (26.1ms)[0m  [1m[31mROLLBACK[0m
  [1m[35m (27.7ms)[0m  [1m[35mBEGIN[0m
  [1m[35m (0.3ms)[0m  [1m[31mROLLBACK[0m
  [1m[35m (0.3ms)[0m  [1m[35mBEGIN[0m
  [1m[35m (0.3ms)[0m  [1m[31mROLLBACK[0m
  [1m[36mSchool Load (0.7ms)[0m  [1m[34mSELECT  "schools".* FROM "schools" WHERE "schools"."id" = $1 LIMIT $2[0m  [["id", 1], ["LIMIT", 1]]
  [1m[35m (0.4ms)[0m  [1m[35mBEGIN[0m
  [1m[35m (0.3ms)[0m  [1m[31mROLLBACK[0m
  [1m[36mSchool Load (6.0ms)[0m  [1m[34mSELECT "schools".* FROM "schools"[0m
  [1m[35m (0.2ms)[0m  [1m[35mBEGIN[0m
  [1m[36mSchool Create (0.8ms)[0m  [1m[32mINSERT INTO "schools" ("name", "city", "state", "zip", "latitude", "longitude", "grade_range", "created_at", "updated_at") VALUES ($1, $2, $3, $4, $5, $6, $7, $8, $9) RETURNING "id"[0m  [["name", "Townsend Harris High School"], ["city", "Flushing"], ["state", "NY"], ["zip", "11367"], ["latitude", 40.73498], ["longitude", -73.821274], ["grade_range", "9-12"], ["created_at", "2020-04-07 15:21:33.938257"], ["updated_at", "2020-04-07 15:21:33.938257"]]
  [1m[35m (1.6ms)[0m  [1m[35mCOMMIT[0m
  [1m[36mSchool Load (3.9ms)[0m  [1m[34mSELECT  "schools".* FROM "schools" WHERE "schools"."id" = $1 LIMIT $2[0m  [["id", 2], ["LIMIT", 1]]
  [1m[35m (1.0ms)[0m  [1m[34mSELECT "schema_migrations"."version" FROM "schema_migrations" ORDER BY "schema_migrations"."version" ASC[0m
  ↳ bin/rails:9
  [1m[36mUser Load (16.5ms)[0m  [1m[34mSELECT "users".* FROM "users"[0m
  ↳ db/seeds.rb:9
  [1m[36mTeacher Load (0.9ms)[0m  [1m[34mSELECT "teachers".* FROM "teachers"[0m
  ↳ db/seeds.rb:10
  [1m[36mSchool Load (25.8ms)[0m  [1m[34mSELECT "schools".* FROM "schools"[0m
  ↳ db/seeds.rb:11
  [1m[35m (14.9ms)[0m  [1m[35mBEGIN[0m
  ↳ db/seeds.rb:11
  [1m[36mSchool Destroy (1.1ms)[0m  [1m[31mDELETE FROM "schools" WHERE "schools"."id" = $1[0m  [["id", 2]]
  ↳ db/seeds.rb:11
  [1m[35m (2.2ms)[0m  [1m[35mCOMMIT[0m
  ↳ db/seeds.rb:11
  [1m[35m (0.2ms)[0m  [1m[35mBEGIN[0m
  ↳ db/seeds.rb:13
  [1m[36mSchool Create (0.8ms)[0m  [1m[32mINSERT INTO "schools" ("name", "city", "state", "zip", "latitude", "longitude", "grade_range", "created_at", "updated_at") VALUES ($1, $2, $3, $4, $5, $6, $7, $8, $9) RETURNING "id"[0m  [["name", "Townsend Harris High School"], ["city", "Flushing"], ["state", "NY"], ["zip", "11367"], ["latitude", 40.73498], ["longitude", -73.821274], ["grade_range", "9-12"], ["created_at", "2020-04-07 15:25:27.540296"], ["updated_at", "2020-04-07 15:25:27.540296"]]
  ↳ db/seeds.rb:13
  [1m[35m (0.3ms)[0m  [1m[35mCOMMIT[0m
  ↳ db/seeds.rb:13
  [1m[36mSchool Load (1.5ms)[0m  [1m[34mSELECT  "schools".* FROM "schools" ORDER BY "schools"."id" ASC LIMIT $1[0m  [["LIMIT", 1]]
  [1m[36mSchool Load (1.9ms)[0m  [1m[34mSELECT  "schools".* FROM "schools" ORDER BY "schools"."id" ASC LIMIT $1[0m  [["LIMIT", 1]]
  [1m[36mTeacher Load (0.8ms)[0m  [1m[34mSELECT "teachers".* FROM "teachers" WHERE "teachers"."school_id" = $1[0m  [["school_id", 3]]
  [1m[36mSchool Load (4.3ms)[0m  [1m[34mSELECT  "schools".* FROM "schools" ORDER BY "schools"."id" ASC LIMIT $1[0m  [["LIMIT", 1]]
  [1m[36mTeacher Load (0.4ms)[0m  [1m[34mSELECT "teachers".* FROM "teachers" WHERE "teachers"."school_id" = $1[0m  [["school_id", 3]]
  [1m[36mTeacher Load (0.6ms)[0m  [1m[34mSELECT "teachers".* FROM "teachers"[0m
  [1m[35m (1.1ms)[0m  [1m[34mSELECT "schema_migrations"."version" FROM "schema_migrations" ORDER BY "schema_migrations"."version" ASC[0m
  ↳ bin/rails:9
  [1m[36mUser Load (0.8ms)[0m  [1m[34mSELECT "users".* FROM "users"[0m
  ↳ db/seeds.rb:9
  [1m[36mTeacher Load (19.0ms)[0m  [1m[34mSELECT "teachers".* FROM "teachers"[0m
  ↳ db/seeds.rb:10
  [1m[36mSchool Load (1.1ms)[0m  [1m[34mSELECT "schools".* FROM "schools"[0m
  ↳ db/seeds.rb:11
  [1m[35m (11.2ms)[0m  [1m[35mBEGIN[0m
  ↳ db/seeds.rb:11
  [1m[36mSchool Destroy (1.1ms)[0m  [1m[31mDELETE FROM "schools" WHERE "schools"."id" = $1[0m  [["id", 3]]
  ↳ db/seeds.rb:11
  [1m[35m (0.9ms)[0m  [1m[35mCOMMIT[0m
  ↳ db/seeds.rb:11
  [1m[35m (0.3ms)[0m  [1m[35mBEGIN[0m
  ↳ db/seeds.rb:13
  [1m[36mSchool Create (0.8ms)[0m  [1m[32mINSERT INTO "schools" ("name", "city", "state", "zip", "latitude", "longitude", "grade_range", "created_at", "updated_at") VALUES ($1, $2, $3, $4, $5, $6, $7, $8, $9) RETURNING "id"[0m  [["name", "Townsend Harris High School"], ["city", "Flushing"], ["state", "NY"], ["zip", "11367"], ["latitude", 40.73498], ["longitude", -73.821274], ["grade_range", "9-12"], ["created_at", "2020-04-07 15:27:43.792208"], ["updated_at", "2020-04-07 15:27:43.792208"]]
  ↳ db/seeds.rb:13
  [1m[35m (0.6ms)[0m  [1m[35mCOMMIT[0m
  ↳ db/seeds.rb:13
  [1m[35m (0.2ms)[0m  [1m[35mBEGIN[0m
  ↳ db/seeds.rb:21
  [1m[36mSchool Load (0.8ms)[0m  [1m[34mSELECT  "schools".* FROM "schools" WHERE "schools"."id" = $1 LIMIT $2[0m  [["id", 4], ["LIMIT", 1]]
  ↳ db/seeds.rb:21
  [1m[36mTeacher Create (1.4ms)[0m  [1m[32mINSERT INTO "teachers" ("full_name", "teacher_name", "school_id", "created_at", "updated_at") VALUES ($1, $2, $3, $4, $5) RETURNING "id"[0m  [["full_name", "Jane Doe"], ["teacher_name", "Ms. Doe"], ["school_id", 4], ["created_at", "2020-04-07 15:27:43.836674"], ["updated_at", "2020-04-07 15:27:43.836674"]]
  ↳ db/seeds.rb:21
  [1m[35m (0.4ms)[0m  [1m[35mCOMMIT[0m
  ↳ db/seeds.rb:21
  [1m[35m (0.2ms)[0m  [1m[35mBEGIN[0m
  ↳ db/seeds.rb:23
  [1m[36mUser Create (1.7ms)[0m  [1m[32mINSERT INTO "users" ("email", "is_teacher", "teacher_id", "password_digest", "session_token", "created_at", "updated_at") VALUES ($1, $2, $3, $4, $5, $6, $7) RETURNING "id"[0m  [["email", "user_01@gmail.com"], ["is_teacher", true], ["teacher_id", 1], ["password_digest", "abc"], ["session_token", "xyz"], ["created_at", "2020-04-07 15:27:43.855282"], ["updated_at", "2020-04-07 15:27:43.855282"]]
  ↳ db/seeds.rb:23
  [1m[35m (25.2ms)[0m  [1m[35mCOMMIT[0m
  ↳ db/seeds.rb:23
  [1m[35m (0.3ms)[0m  [1m[35mBEGIN[0m
  ↳ db/seeds.rb:25
  [1m[36mUser Create (0.8ms)[0m  [1m[32mINSERT INTO "users" ("email", "is_teacher", "password_digest", "session_token", "created_at", "updated_at") VALUES ($1, $2, $3, $4, $5, $6) RETURNING "id"[0m  [["email", "user_02@gmail.com"], ["is_teacher", false], ["password_digest", "abc"], ["session_token", "xyz"], ["created_at", "2020-04-07 15:27:43.885365"], ["updated_at", "2020-04-07 15:27:43.885365"]]
  ↳ db/seeds.rb:25
  [1m[35m (0.6ms)[0m  [1m[35mCOMMIT[0m
  ↳ db/seeds.rb:25
  [1m[36mSchool Load (0.7ms)[0m  [1m[34mSELECT  "schools".* FROM "schools" ORDER BY "schools"."id" ASC LIMIT $1[0m  [["LIMIT", 1]]
  [1m[36mTeacher Load (1.1ms)[0m  [1m[34mSELECT "teachers".* FROM "teachers" WHERE "teachers"."school_id" = $1[0m  [["school_id", 4]]
  [1m[36mTeacher Load (0.5ms)[0m  [1m[34mSELECT  "teachers".* FROM "teachers" ORDER BY "teachers"."id" ASC LIMIT $1[0m  [["LIMIT", 1]]
  [1m[36mSchool Load (0.5ms)[0m  [1m[34mSELECT  "schools".* FROM "schools" WHERE "schools"."id" = $1 LIMIT $2[0m  [["id", 4], ["LIMIT", 1]]
  [1m[36mUser Load (0.6ms)[0m  [1m[34mSELECT  "users".* FROM "users" ORDER BY "users"."id" ASC LIMIT $1[0m  [["LIMIT", 1]]
  [1m[36mTeacher Load (25.9ms)[0m  [1m[34mSELECT  "teachers".* FROM "teachers" WHERE "teachers"."id" = $1 LIMIT $2[0m  [["id", 1], ["LIMIT", 1]]
  [1m[36mUser Load (5.0ms)[0m  [1m[34mSELECT  "users".* FROM "users" ORDER BY "users"."id" ASC LIMIT $1[0m  [["LIMIT", 1]]
  [1m[36mTeacher Load (0.4ms)[0m  [1m[34mSELECT  "teachers".* FROM "teachers" WHERE "teachers"."id" = $1 LIMIT $2[0m  [["id", 1], ["LIMIT", 1]]
  [1m[36mSchool Load (0.5ms)[0m  [1m[34mSELECT  "schools".* FROM "schools" WHERE "schools"."id" = $1 LIMIT $2[0m  [["id", 4], ["LIMIT", 1]]
